TN:
SF:bin/bob.js
FNF:0
FNH:0
DA:1,1
DA:2,1
DA:3,1
DA:4,1
LF:4
LH:4
BRDA:1,0,0,1
BRF:1
BRH:1
end_of_record
TN:
SF:lib/bob.js
FN:31,Bob
FN:42,build
FN:79,_init
FN:82,loadTask
FN:85,loadConfig
FN:99,_commands
FN:159,_taskTypeNames
FNF:7
FNH:7
FNDA:13,Bob
FNDA:4,build
FNDA:3,_init
FNDA:3,loadTask
FNDA:2,loadConfig
FNDA:3,_commands
FNDA:5,_taskTypeNames
DA:1,2
DA:2,2
DA:3,2
DA:4,2
DA:5,2
DA:6,2
DA:7,2
DA:8,2
DA:9,2
DA:10,2
DA:11,2
DA:12,2
DA:13,2
DA:14,2
DA:15,2
DA:16,2
DA:17,2
DA:18,2
DA:19,2
DA:20,2
DA:21,2
DA:22,2
DA:23,2
DA:24,2
DA:25,2
DA:26,2
DA:27,2
DA:28,2
DA:29,2
DA:30,2
DA:31,2
DA:32,13
DA:33,13
DA:34,2
DA:35,2
DA:36,2
DA:37,2
DA:38,2
DA:39,2
DA:40,2
DA:41,2
DA:42,2
DA:43,4
DA:44,4
DA:45,4
DA:46,4
DA:47,4
DA:48,4
DA:49,4
DA:50,4
DA:51,4
DA:52,4
DA:53,1
DA:54,4
DA:55,3
DA:56,3
DA:57,1
DA:58,2
DA:59,2
DA:60,2
DA:61,3
DA:62,3
DA:63,4
DA:64,4
DA:65,2
DA:66,2
DA:67,2
DA:68,2
DA:69,2
DA:70,2
DA:71,2
DA:72,2
DA:73,2
DA:74,2
DA:75,2
DA:76,2
DA:77,2
DA:78,2
DA:79,2
DA:80,3
DA:81,3
DA:82,3
DA:83,3
DA:84,3
DA:85,3
DA:86,2
DA:87,2
DA:88,3
DA:89,3
DA:90,2
DA:91,2
DA:92,2
DA:93,2
DA:94,2
DA:95,2
DA:96,2
DA:97,2
DA:98,2
DA:99,2
DA:100,3
DA:101,3
DA:102,3
DA:103,3
DA:104,3
DA:105,3
DA:106,3
DA:107,3
DA:108,3
DA:109,3
DA:110,3
DA:111,3
DA:112,3
DA:113,3
DA:114,3
DA:115,3
DA:116,9
DA:117,3
DA:118,3
DA:119,3
DA:120,3
DA:121,3
DA:122,3
DA:123,3
DA:124,3
DA:125,3
DA:126,3
DA:127,3
DA:128,3
DA:129,3
DA:130,3
DA:131,3
DA:132,3
DA:133,3
DA:134,3
DA:135,3
DA:136,3
DA:137,3
DA:138,3
DA:139,3
DA:140,3
DA:141,3
DA:142,3
DA:143,3
DA:144,3
DA:145,3
DA:146,3
DA:147,3
DA:148,3
DA:149,3
DA:150,2
DA:151,2
DA:152,2
DA:153,2
DA:154,2
DA:155,2
DA:156,2
DA:157,2
DA:158,2
DA:159,2
DA:160,5
DA:161,5
DA:162,5
DA:163,5
DA:164,5
DA:165,5
DA:166,4
DA:167,4
DA:168,5
DA:169,5
DA:170,2
DA:171,2
DA:172,2
LF:172
LH:172
BRDA:1,0,0,2
BRDA:31,1,0,13
BRDA:42,2,0,4
BRDA:51,3,0,4
BRDA:52,4,0,1
BRDA:54,5,0,3
BRDA:55,6,0,3
BRDA:56,7,0,2
BRDA:56,8,0,1
BRDA:79,9,0,3
BRDA:82,10,0,3
BRDA:85,11,0,2
BRDA:99,12,0,3
BRDA:112,13,0,3
BRDA:113,14,0,3
BRDA:115,15,0,9
BRDA:116,16,0,3
BRDA:127,17,0,12
BRDA:139,18,0,3
BRDA:140,19,0,3
BRDA:141,20,0,3
BRDA:159,21,0,5
BRDA:162,22,0,4
BRDA:163,23,0,4
BRDA:164,24,0,1
BRDA:165,25,0,4
BRF:26
BRH:26
end_of_record
TN:
SF:lib/cli.js
FN:23,_exec
FN:42,errorCb
FN:51,successCb
FN:61,exec
FNF:4
FNH:4
FNDA:4,_exec
FNDA:2,errorCb
FNDA:2,successCb
FNDA:4,exec
DA:1,2
DA:2,2
DA:3,2
DA:4,2
DA:5,2
DA:6,2
DA:7,2
DA:8,2
DA:9,2
DA:10,2
DA:11,2
DA:12,2
DA:13,2
DA:14,2
DA:15,2
DA:16,2
DA:17,2
DA:18,2
DA:19,2
DA:20,2
DA:21,2
DA:22,2
DA:23,4
DA:24,4
DA:25,4
DA:26,4
DA:27,4
DA:28,4
DA:29,4
DA:30,4
DA:31,4
DA:32,4
DA:33,4
DA:34,4
DA:35,4
DA:36,4
DA:37,4
DA:38,4
DA:39,4
DA:40,4
DA:41,4
DA:42,4
DA:43,2
DA:44,1
DA:45,1
DA:46,1
DA:47,1
DA:48,1
DA:49,2
DA:50,4
DA:51,4
DA:52,2
DA:53,2
DA:54,4
DA:55,4
DA:56,4
DA:57,2
DA:58,2
DA:59,2
DA:60,2
DA:61,4
DA:62,4
DA:63,4
DA:64,4
DA:65,4
DA:66,4
DA:67,4
DA:68,4
DA:69,4
DA:70,4
DA:71,4
DA:72,4
DA:73,4
DA:74,4
DA:75,3
DA:76,4
DA:77,1
DA:78,4
DA:79,3
DA:80,3
DA:81,4
DA:82,4
DA:83,4
DA:84,4
DA:85,22
DA:86,4
DA:87,4
DA:88,4
DA:89,4
DA:90,2
DA:91,2
DA:92,2
DA:93,2
DA:94,2
DA:95,2
LF:95
LH:95
BRDA:1,0,0,2
BRDA:23,1,0,4
BRDA:25,2,0,3
BRDA:42,3,0,2
BRDA:43,4,0,1
BRDA:43,5,0,1
BRDA:51,6,0,2
BRDA:61,7,0,4
BRDA:66,8,0,3
BRDA:67,9,0,1
BRDA:72,10,0,4
BRDA:74,11,0,3
BRDA:76,12,0,1
BRDA:78,13,0,3
BRDA:84,14,0,22
BRF:15
BRH:15
end_of_record
TN:
SF:lib/config.js
FN:19,load
FNF:1
FNH:1
FNDA:5,load
DA:1,2
DA:2,2
DA:3,2
DA:4,2
DA:5,2
DA:6,2
DA:7,2
DA:8,2
DA:9,2
DA:10,2
DA:11,2
DA:12,2
DA:13,2
DA:14,2
DA:15,2
DA:16,2
DA:17,2
DA:18,2
DA:19,5
DA:20,5
DA:21,5
DA:22,5
DA:23,5
DA:24,4
DA:25,4
DA:26,3
DA:27,3
DA:28,11
DA:29,8
DA:30,8
DA:31,3
DA:32,3
DA:33,4
DA:34,4
DA:35,5
DA:36,1
DA:37,1
DA:38,5
DA:39,5
DA:40,2
DA:41,2
DA:42,2
DA:43,2
DA:44,2
DA:45,2
LF:45
LH:45
BRDA:1,0,0,2
BRDA:19,1,0,5
BRDA:22,2,0,5
BRDA:23,3,0,4
BRDA:35,4,0,1
BRDA:24,5,0,4
BRDA:25,6,0,3
BRDA:27,7,0,11
BRDA:28,8,0,8
BRF:9
BRH:9
end_of_record
TN:
SF:lib/runner.js
FN:26,exec
FN:59,execSeries
FN:60,_exec
FNF:3
FNH:3
FNDA:6,exec
FNDA:4,execSeries
FNDA:4,_exec
DA:1,2
DA:2,2
DA:3,2
DA:4,2
DA:5,2
DA:6,2
DA:7,2
DA:8,2
DA:9,2
DA:10,2
DA:11,2
DA:12,2
DA:13,2
DA:14,2
DA:15,2
DA:16,2
DA:17,2
DA:18,2
DA:19,2
DA:20,2
DA:21,2
DA:22,2
DA:23,2
DA:24,2
DA:25,2
DA:26,6
DA:27,6
DA:28,6
DA:29,6
DA:30,6
DA:31,6
DA:32,6
DA:33,47
DA:34,46
DA:35,46
DA:36,47
DA:37,6
DA:38,6
DA:39,6
DA:40,5
DA:41,4
DA:42,4
DA:43,5
DA:44,6
DA:45,6
DA:46,2
DA:47,2
DA:48,2
DA:49,2
DA:50,2
DA:51,2
DA:52,2
DA:53,2
DA:54,2
DA:55,2
DA:56,2
DA:57,2
DA:58,2
DA:59,4
DA:60,4
DA:61,4
DA:62,4
DA:63,4
DA:64,4
DA:65,4
DA:66,4
DA:67,4
DA:68,4
DA:69,4
DA:70,4
DA:71,2
DA:72,2
DA:73,2
DA:74,2
DA:75,2
DA:76,2
DA:77,2
LF:77
LH:77
BRDA:1,0,0,2
BRDA:26,1,0,6
BRDA:32,2,0,47
BRDA:33,3,0,46
BRDA:39,4,0,5
BRDA:40,5,0,4
BRDA:59,6,0,4
BRDA:60,7,0,4
BRDA:61,8,0,1
BRDA:61,9,0,3
BRF:10
BRH:10
end_of_record
TN:
SF:lib/task.js
FN:21,load
FN:25,jobs.<computed>
FN:43,parse
FNF:3
FNH:3
FNDA:3,load
FNDA:5,jobs.<computed>
FNDA:3,parse
DA:1,2
DA:2,2
DA:3,2
DA:4,2
DA:5,2
DA:6,2
DA:7,2
DA:8,2
DA:9,2
DA:10,2
DA:11,2
DA:12,2
DA:13,2
DA:14,2
DA:15,2
DA:16,2
DA:17,2
DA:18,2
DA:19,2
DA:20,2
DA:21,3
DA:22,3
DA:23,3
DA:24,3
DA:25,5
DA:26,5
DA:27,5
DA:28,5
DA:29,1
DA:30,1
DA:31,1
DA:32,1
DA:33,1
DA:34,1
DA:35,1
DA:36,5
DA:37,4
DA:38,4
DA:39,5
DA:40,5
DA:41,3
DA:42,3
DA:43,3
DA:44,3
DA:45,2
DA:46,3
DA:47,2
DA:48,2
DA:49,3
DA:50,3
DA:51,3
DA:52,3
DA:53,3
DA:54,2
DA:55,2
DA:56,2
DA:57,2
DA:58,2
DA:59,2
LF:59
LH:59
BRDA:1,0,0,2
BRDA:21,1,0,3
BRDA:24,2,0,5
BRDA:25,3,0,5
BRDA:27,4,0,5
BRDA:28,5,0,1
BRDA:36,6,0,4
BRDA:43,7,0,3
BRDA:44,8,0,2
BRDA:45,9,0,3
BRF:10
BRH:10
end_of_record
