TN:
SF:bin/bob.js
FNF:0
FNH:0
DA:1,1
DA:2,1
DA:3,1
DA:4,1
LF:4
LH:4
BRDA:1,0,0,1
BRF:1
BRH:1
end_of_record
TN:
SF:lib/bob.js
FN:24,Bob
FN:35,build
FN:60,_init
FN:63,loadTask
FN:66,loadConfig
FN:69,installDeps
FN:90,_commands
FN:135,_taskTypeNames
FNF:8
FNH:8
FNDA:13,Bob
FNDA:4,build
FNDA:4,_init
FNDA:4,loadTask
FNDA:3,loadConfig
FNDA:4,installDeps
FNDA:2,_commands
FNDA:9,_taskTypeNames
DA:1,2
DA:2,2
DA:3,2
DA:4,2
DA:5,2
DA:6,2
DA:7,2
DA:8,2
DA:9,2
DA:10,2
DA:11,2
DA:12,2
DA:13,2
DA:14,2
DA:15,2
DA:16,2
DA:17,2
DA:18,2
DA:19,2
DA:20,2
DA:21,2
DA:22,2
DA:23,2
DA:24,2
DA:25,13
DA:26,13
DA:27,2
DA:28,2
DA:29,2
DA:30,2
DA:31,2
DA:32,2
DA:33,2
DA:34,2
DA:35,2
DA:36,4
DA:37,4
DA:38,4
DA:39,4
DA:40,4
DA:41,4
DA:42,4
DA:43,4
DA:44,4
DA:45,3
DA:46,3
DA:47,2
DA:48,2
DA:49,3
DA:50,3
DA:51,4
DA:52,4
DA:53,2
DA:54,2
DA:55,2
DA:56,2
DA:57,2
DA:58,2
DA:59,2
DA:60,2
DA:61,4
DA:62,4
DA:63,4
DA:64,4
DA:65,4
DA:66,4
DA:67,3
DA:68,3
DA:69,4
DA:70,4
DA:71,3
DA:72,3
DA:73,5
DA:74,3
DA:75,3
DA:76,3
DA:77,3
DA:78,3
DA:79,4
DA:80,4
DA:81,4
DA:82,2
DA:83,2
DA:84,2
DA:85,2
DA:86,2
DA:87,2
DA:88,2
DA:89,2
DA:90,2
DA:91,2
DA:92,2
DA:93,2
DA:94,2
DA:95,2
DA:96,2
DA:97,2
DA:98,2
DA:99,2
DA:100,2
DA:101,2
DA:102,2
DA:103,2
DA:104,2
DA:105,2
DA:106,2
DA:107,2
DA:108,6
DA:109,2
DA:110,2
DA:111,2
DA:112,2
DA:113,2
DA:114,2
DA:115,2
DA:116,2
DA:117,2
DA:118,2
DA:119,2
DA:120,2
DA:121,2
DA:122,2
DA:123,2
DA:124,2
DA:125,2
DA:126,2
DA:127,2
DA:128,2
DA:129,2
DA:130,2
DA:131,2
DA:132,2
DA:133,2
DA:134,2
DA:135,2
DA:136,9
DA:137,9
DA:138,9
DA:139,9
DA:140,9
DA:141,9
DA:142,8
DA:143,8
DA:144,9
DA:145,9
DA:146,2
DA:147,2
DA:148,2
DA:149,2
DA:150,2
LF:150
LH:150
BRDA:1,0,0,2
BRDA:24,1,0,13
BRDA:35,2,0,4
BRDA:43,3,0,4
BRDA:44,4,0,1
BRDA:44,5,0,3
BRDA:45,6,0,3
BRDA:46,7,0,2
BRDA:46,8,0,1
BRDA:60,9,0,4
BRDA:63,10,0,4
BRDA:66,11,0,3
BRDA:69,12,0,4
BRDA:70,13,0,1
BRDA:70,14,0,3
BRDA:72,15,0,5
BRDA:75,16,0,3
BRDA:90,17,0,2
BRDA:103,18,0,2
BRDA:105,19,0,2
BRDA:107,20,0,6
BRDA:108,21,0,2
BRDA:123,22,0,2
BRDA:124,23,0,2
BRDA:125,24,0,2
BRDA:135,25,0,9
BRDA:138,26,0,8
BRDA:138,27,0,8
BRDA:139,28,0,1
BRDA:141,29,0,8
BRF:30
BRH:30
end_of_record
TN:
SF:lib/cli.js
FN:12,_exec
FN:31,errorCb
FN:40,successCb
FN:50,exec
FNF:4
FNH:4
FNDA:4,_exec
FNDA:2,errorCb
FNDA:2,successCb
FNDA:4,exec
DA:1,2
DA:2,2
DA:3,2
DA:4,2
DA:5,2
DA:6,2
DA:7,2
DA:8,2
DA:9,2
DA:10,2
DA:11,2
DA:12,4
DA:13,4
DA:14,4
DA:15,4
DA:16,4
DA:17,4
DA:18,4
DA:19,4
DA:20,4
DA:21,4
DA:22,4
DA:23,4
DA:24,4
DA:25,4
DA:26,4
DA:27,4
DA:28,4
DA:29,4
DA:30,4
DA:31,4
DA:32,2
DA:33,1
DA:34,1
DA:35,1
DA:36,1
DA:37,1
DA:38,2
DA:39,4
DA:40,4
DA:41,2
DA:42,2
DA:43,4
DA:44,4
DA:45,4
DA:46,2
DA:47,2
DA:48,2
DA:49,2
DA:50,4
DA:51,4
DA:52,4
DA:53,4
DA:54,4
DA:55,4
DA:56,4
DA:57,4
DA:58,4
DA:59,4
DA:60,4
DA:61,4
DA:62,1
DA:63,4
DA:64,3
DA:65,3
DA:66,4
DA:67,4
DA:68,4
DA:69,4
DA:70,29
DA:71,4
DA:72,4
DA:73,4
DA:74,4
DA:75,2
DA:76,2
DA:77,2
DA:78,2
DA:79,2
DA:80,2
DA:81,2
DA:82,2
LF:82
LH:82
BRDA:1,0,0,2
BRDA:12,1,0,4
BRDA:15,2,0,3
BRDA:31,3,0,2
BRDA:32,4,0,1
BRDA:32,5,0,1
BRDA:40,6,0,2
BRDA:50,7,0,4
BRDA:55,8,0,3
BRDA:55,9,0,1
BRDA:60,10,0,4
BRDA:61,11,0,3
BRDA:61,12,0,1
BRDA:63,13,0,3
BRDA:69,14,0,29
BRF:15
BRH:15
end_of_record
TN:
SF:lib/config.js
FN:13,load
FNF:1
FNH:1
FNDA:5,load
DA:1,2
DA:2,2
DA:3,2
DA:4,2
DA:5,2
DA:6,2
DA:7,2
DA:8,2
DA:9,2
DA:10,2
DA:11,2
DA:12,2
DA:13,5
DA:14,5
DA:15,5
DA:16,5
DA:17,5
DA:18,4
DA:19,4
DA:20,3
DA:21,3
DA:22,11
DA:23,8
DA:24,8
DA:25,3
DA:26,3
DA:27,4
DA:28,4
DA:29,5
DA:30,1
DA:31,1
DA:32,5
DA:33,5
DA:34,2
DA:35,2
DA:36,2
DA:37,2
DA:38,2
DA:39,2
DA:40,2
DA:41,2
LF:41
LH:41
BRDA:1,0,0,2
BRDA:13,1,0,5
BRDA:16,2,0,5
BRDA:17,3,0,4
BRDA:29,4,0,1
BRDA:18,5,0,4
BRDA:19,6,0,3
BRDA:21,7,0,11
BRDA:22,8,0,8
BRF:9
BRH:9
end_of_record
TN:
SF:lib/deps.js
FN:17,install
FNF:1
FNH:1
FNDA:5,install
DA:1,2
DA:2,2
DA:3,2
DA:4,2
DA:5,2
DA:6,2
DA:7,2
DA:8,2
DA:9,2
DA:10,2
DA:11,2
DA:12,2
DA:13,2
DA:14,2
DA:15,2
DA:16,2
DA:17,5
DA:18,5
DA:19,5
DA:20,4
DA:21,4
DA:22,4
DA:23,12
DA:24,12
DA:25,12
DA:26,2
DA:27,2
DA:28,4
DA:29,4
DA:30,2
DA:31,2
DA:32,2
DA:33,2
DA:34,2
DA:35,4
DA:36,5
DA:37,5
DA:38,2
DA:39,2
DA:40,2
DA:41,2
DA:42,2
DA:43,2
DA:44,2
DA:45,2
LF:45
LH:45
BRDA:1,0,0,2
BRDA:17,1,0,5
BRDA:18,2,0,5
BRDA:19,3,0,1
BRDA:19,4,0,4
BRDA:29,5,0,2
BRDA:22,6,0,12
BRDA:23,7,0,8
BRDA:24,8,0,4
BRDA:25,9,0,2
BRF:10
BRH:10
end_of_record
TN:
SF:lib/runner.js
FN:20,exec
FN:53,execSeries
FN:55,_exec
FNF:3
FNH:3
FNDA:5,exec
FNDA:3,execSeries
FNDA:3,_exec
DA:1,2
DA:2,2
DA:3,2
DA:4,2
DA:5,2
DA:6,2
DA:7,2
DA:8,2
DA:9,2
DA:10,2
DA:11,2
DA:12,2
DA:13,2
DA:14,2
DA:15,2
DA:16,2
DA:17,2
DA:18,2
DA:19,2
DA:20,5
DA:21,5
DA:22,5
DA:23,5
DA:24,5
DA:25,5
DA:26,5
DA:27,5
DA:28,48
DA:29,47
DA:30,47
DA:31,48
DA:32,5
DA:33,5
DA:34,5
DA:35,4
DA:36,3
DA:37,3
DA:38,4
DA:39,5
DA:40,5
DA:41,2
DA:42,2
DA:43,2
DA:44,2
DA:45,2
DA:46,2
DA:47,2
DA:48,2
DA:49,2
DA:50,2
DA:51,2
DA:52,2
DA:53,3
DA:54,3
DA:55,3
DA:56,3
DA:57,3
DA:58,3
DA:59,3
DA:60,3
DA:61,3
DA:62,3
DA:63,3
DA:64,3
DA:65,2
DA:66,2
DA:67,2
DA:68,2
DA:69,2
DA:70,2
DA:71,2
DA:72,2
DA:73,2
LF:73
LH:73
BRDA:1,0,0,2
BRDA:20,1,0,5
BRDA:27,2,0,48
BRDA:28,3,0,47
BRDA:34,4,0,4
BRDA:35,5,0,3
BRDA:53,6,0,3
BRDA:55,7,0,3
BRF:8
BRH:8
end_of_record
TN:
SF:lib/task.js
FN:15,load
FN:20,jobs.<computed>
FN:33,parse
FNF:3
FNH:3
FNDA:3,load
FNDA:5,jobs.<computed>
FNDA:3,parse
DA:1,2
DA:2,2
DA:3,2
DA:4,2
DA:5,2
DA:6,2
DA:7,2
DA:8,2
DA:9,2
DA:10,2
DA:11,2
DA:12,2
DA:13,2
DA:14,2
DA:15,3
DA:16,3
DA:17,3
DA:18,3
DA:19,3
DA:20,5
DA:21,5
DA:22,5
DA:23,5
DA:24,1
DA:25,1
DA:26,5
DA:27,4
DA:28,4
DA:29,5
DA:30,5
DA:31,3
DA:32,3
DA:33,3
DA:34,3
DA:35,2
DA:36,3
DA:37,2
DA:38,2
DA:39,3
DA:40,3
DA:41,3
DA:42,3
DA:43,3
DA:44,2
DA:45,2
DA:46,2
DA:47,2
DA:48,2
DA:49,2
DA:50,2
DA:51,2
LF:51
LH:51
BRDA:1,0,0,2
BRDA:15,1,0,3
BRDA:19,2,0,5
BRDA:20,3,0,5
BRDA:22,4,0,5
BRDA:23,5,0,1
BRDA:26,6,0,4
BRDA:33,7,0,3
BRDA:34,8,0,2
BRDA:35,9,0,3
BRF:10
BRH:10
end_of_record
